<?xml version="1.0" encoding="UTF-8"?>
<testng-results skipped="0" failed="0" total="5" passed="5">
  <reporter-output>
  </reporter-output>
  <suite name="GuruBanking" duration-ms="78511" started-at="2021-04-18T14:26:47Z" finished-at="2021-04-18T14:28:06Z">
    <groups>
    </groups>
    <test name="BankingApp Test" duration-ms="78511" started-at="2021-04-18T14:26:47Z" finished-at="2021-04-18T14:28:06Z">
      <class name="com.GuruBanking.TestCase.M_NC_004">
        <test-method status="PASS" signature="setup(java.lang.String)[pri:0, instance:com.GuruBanking.TestCase.M_NC_004@3b6eb2ec]" name="setup" is-config="true" duration-ms="9050" started-at="2021-04-18T19:56:48Z" finished-at="2021-04-18T19:56:57Z">
          <params>
            <param index="0">
              <value>
                <![CDATA[chrome]]>
              </value>
            </param>
          </params>
          <reporter-output>
          </reporter-output>
        </test-method> <!-- setup -->
        <test-method status="PASS" signature="OpenNewCustomer()[pri:0, instance:com.GuruBanking.TestCase.M_NC_004@3b6eb2ec]" name="OpenNewCustomer" is-config="true" duration-ms="3294" started-at="2021-04-18T19:56:57Z" finished-at="2021-04-18T19:57:00Z">
          <reporter-output>
          </reporter-output>
        </test-method> <!-- OpenNewCustomer -->
        <test-method status="PASS" signature="EnterChar()[pri:1, instance:com.GuruBanking.TestCase.M_NC_004@3b6eb2ec]" name="EnterChar" duration-ms="4197" started-at="2021-04-18T19:57:00Z" finished-at="2021-04-18T19:57:04Z">
          <reporter-output>
          </reporter-output>
        </test-method> <!-- EnterChar -->
        <test-method status="PASS" signature="tearDown()[pri:0, instance:com.GuruBanking.TestCase.M_NC_004@3b6eb2ec]" name="tearDown" is-config="true" duration-ms="1442" started-at="2021-04-18T19:57:04Z" finished-at="2021-04-18T19:57:06Z">
          <reporter-output>
          </reporter-output>
        </test-method> <!-- tearDown -->
        <test-method status="PASS" signature="setup(java.lang.String)[pri:0, instance:com.GuruBanking.TestCase.M_NC_004@3b6eb2ec]" name="setup" is-config="true" duration-ms="6869" started-at="2021-04-18T19:57:06Z" finished-at="2021-04-18T19:57:13Z">
          <params>
            <param index="0">
              <value>
                <![CDATA[chrome]]>
              </value>
            </param>
          </params>
          <reporter-output>
          </reporter-output>
        </test-method> <!-- setup -->
        <test-method status="PASS" signature="OpenNewCustomer()[pri:0, instance:com.GuruBanking.TestCase.M_NC_004@3b6eb2ec]" name="OpenNewCustomer" is-config="true" duration-ms="2520" started-at="2021-04-18T19:57:13Z" finished-at="2021-04-18T19:57:15Z">
          <reporter-output>
          </reporter-output>
        </test-method> <!-- OpenNewCustomer -->
        <test-method status="PASS" signature="EnterInteger()[pri:2, instance:com.GuruBanking.TestCase.M_NC_004@3b6eb2ec]" name="EnterInteger" duration-ms="4199" started-at="2021-04-18T19:57:15Z" finished-at="2021-04-18T19:57:19Z">
          <reporter-output>
          </reporter-output>
        </test-method> <!-- EnterInteger -->
        <test-method status="PASS" signature="tearDown()[pri:0, instance:com.GuruBanking.TestCase.M_NC_004@3b6eb2ec]" name="tearDown" is-config="true" duration-ms="1014" started-at="2021-04-18T19:57:19Z" finished-at="2021-04-18T19:57:20Z">
          <reporter-output>
          </reporter-output>
        </test-method> <!-- tearDown -->
        <test-method status="PASS" signature="setup(java.lang.String)[pri:0, instance:com.GuruBanking.TestCase.M_NC_004@3b6eb2ec]" name="setup" is-config="true" duration-ms="6316" started-at="2021-04-18T19:57:20Z" finished-at="2021-04-18T19:57:27Z">
          <params>
            <param index="0">
              <value>
                <![CDATA[chrome]]>
              </value>
            </param>
          </params>
          <reporter-output>
          </reporter-output>
        </test-method> <!-- setup -->
        <test-method status="PASS" signature="OpenNewCustomer()[pri:0, instance:com.GuruBanking.TestCase.M_NC_004@3b6eb2ec]" name="OpenNewCustomer" is-config="true" duration-ms="2898" started-at="2021-04-18T19:57:27Z" finished-at="2021-04-18T19:57:30Z">
          <reporter-output>
          </reporter-output>
        </test-method> <!-- OpenNewCustomer -->
        <test-method status="PASS" signature="EnterSpecialChar()[pri:3, instance:com.GuruBanking.TestCase.M_NC_004@3b6eb2ec]" name="EnterSpecialChar" duration-ms="4183" started-at="2021-04-18T19:57:30Z" finished-at="2021-04-18T19:57:34Z">
          <reporter-output>
          </reporter-output>
        </test-method> <!-- EnterSpecialChar -->
        <test-method status="PASS" signature="tearDown()[pri:0, instance:com.GuruBanking.TestCase.M_NC_004@3b6eb2ec]" name="tearDown" is-config="true" duration-ms="1062" started-at="2021-04-18T19:57:34Z" finished-at="2021-04-18T19:57:35Z">
          <reporter-output>
          </reporter-output>
        </test-method> <!-- tearDown -->
        <test-method status="PASS" signature="setup(java.lang.String)[pri:0, instance:com.GuruBanking.TestCase.M_NC_004@3b6eb2ec]" name="setup" is-config="true" duration-ms="6543" started-at="2021-04-18T19:57:35Z" finished-at="2021-04-18T19:57:41Z">
          <params>
            <param index="0">
              <value>
                <![CDATA[chrome]]>
              </value>
            </param>
          </params>
          <reporter-output>
          </reporter-output>
        </test-method> <!-- setup -->
        <test-method status="PASS" signature="OpenNewCustomer()[pri:0, instance:com.GuruBanking.TestCase.M_NC_004@3b6eb2ec]" name="OpenNewCustomer" is-config="true" duration-ms="3068" started-at="2021-04-18T19:57:41Z" finished-at="2021-04-18T19:57:44Z">
          <reporter-output>
          </reporter-output>
        </test-method> <!-- OpenNewCustomer -->
        <test-method status="PASS" signature="EnterFirstSpaceChar()[pri:4, instance:com.GuruBanking.TestCase.M_NC_004@3b6eb2ec]" name="EnterFirstSpaceChar" duration-ms="4250" started-at="2021-04-18T19:57:44Z" finished-at="2021-04-18T19:57:49Z">
          <reporter-output>
          </reporter-output>
        </test-method> <!-- EnterFirstSpaceChar -->
        <test-method status="PASS" signature="tearDown()[pri:0, instance:com.GuruBanking.TestCase.M_NC_004@3b6eb2ec]" name="tearDown" is-config="true" duration-ms="1294" started-at="2021-04-18T19:57:49Z" finished-at="2021-04-18T19:57:50Z">
          <reporter-output>
          </reporter-output>
        </test-method> <!-- tearDown -->
        <test-method status="PASS" signature="setup(java.lang.String)[pri:0, instance:com.GuruBanking.TestCase.M_NC_004@3b6eb2ec]" name="setup" is-config="true" duration-ms="6834" started-at="2021-04-18T19:57:50Z" finished-at="2021-04-18T19:57:57Z">
          <params>
            <param index="0">
              <value>
                <![CDATA[chrome]]>
              </value>
            </param>
          </params>
          <reporter-output>
          </reporter-output>
        </test-method> <!-- setup -->
        <test-method status="PASS" signature="OpenNewCustomer()[pri:0, instance:com.GuruBanking.TestCase.M_NC_004@3b6eb2ec]" name="OpenNewCustomer" is-config="true" duration-ms="3818" started-at="2021-04-18T19:57:57Z" finished-at="2021-04-18T19:58:01Z">
          <reporter-output>
          </reporter-output>
        </test-method> <!-- OpenNewCustomer -->
        <test-method status="PASS" signature="EnterEmptyAddress()[pri:5, instance:com.GuruBanking.TestCase.M_NC_004@3b6eb2ec]" name="EnterEmptyAddress" duration-ms="4168" started-at="2021-04-18T19:58:01Z" finished-at="2021-04-18T19:58:05Z">
          <reporter-output>
          </reporter-output>
        </test-method> <!-- EnterEmptyAddress -->
        <test-method status="PASS" signature="tearDown()[pri:0, instance:com.GuruBanking.TestCase.M_NC_004@3b6eb2ec]" name="tearDown" is-config="true" duration-ms="1065" started-at="2021-04-18T19:58:05Z" finished-at="2021-04-18T19:58:06Z">
          <reporter-output>
          </reporter-output>
        </test-method> <!-- tearDown -->
      </class> <!-- com.GuruBanking.TestCase.M_NC_004 -->
    </test> <!-- BankingApp Test -->
  </suite> <!-- GuruBanking -->
</testng-results>
