<?xml version="1.0" encoding="UTF-8"?>
<!-- Generated by org.testng.reporters.JUnitXMLReporter -->
<testsuite hostname="Rajeev" name="BankingApp Test" tests="3" failures="1" timestamp="22 Apr 2021 12:34:03 GMT" time="63.063" errors="0">
  <testcase name="CheckCustomerNameDisable" time="2.132" classname="com.GuruBanking.TestCase.EC_TC_001"/>
  <testcase name="EditCustomerAdressWithChar" time="3.789" classname="com.GuruBanking.TestCase.EC_TC_001"/>
  <testcase name="EditCustomerAdressWithInvaliedData" time="14.481" classname="com.GuruBanking.TestCase.EC_TC_001">
    <failure type="java.lang.AssertionError" message="expected [true] but found [false]">
      <![CDATA[java.lang.AssertionError: expected [true] but found [false]
	at com.GuruBanking.PageObject.M_EditCustomer_FormPage.verifyAfterEnter_InvaliedDataInAdress(M_EditCustomer_FormPage.java:148)
	at com.GuruBanking.TestCase.EC_TC_001.EditCustomerAdressWithInvaliedData(EC_TC_001.java:68)
... Removed 28 stack frames]]>
    </failure>
  </testcase> <!-- EditCustomerAdressWithInvaliedData -->
</testsuite> <!-- BankingApp Test -->
