<?xml version="1.0" encoding="UTF-8"?>
<!-- Generated by org.testng.reporters.JUnitXMLReporter -->
<testsuite hostname="Rajeev" name="BankingApp Test" tests="5" failures="0" timestamp="18 Apr 2021 14:28:06 GMT" time="78.511" errors="0">
  <testcase name="EnterChar" time="4.197" classname="com.GuruBanking.TestCase.M_NC_004"/>
  <testcase name="EnterInteger" time="4.199" classname="com.GuruBanking.TestCase.M_NC_004"/>
  <testcase name="EnterSpecialChar" time="4.183" classname="com.GuruBanking.TestCase.M_NC_004"/>
  <testcase name="EnterFirstSpaceChar" time="4.25" classname="com.GuruBanking.TestCase.M_NC_004"/>
  <testcase name="EnterEmptyAddress" time="4.168" classname="com.GuruBanking.TestCase.M_NC_004"/>
</testsuite> <!-- BankingApp Test -->
